#-----------------------------------------------------------
# Vivado v2018.3 (64-bit)
# SW Build 2405991 on Thu Dec  6 23:38:27 MST 2018
# IP Build 2404404 on Fri Dec  7 01:43:56 MST 2018
# Start of session at: Mon Nov 29 19:16:34 2021
# Process ID: 11296
# Current directory: C:/Users/namso/Desktop/school/ecen 248/lab_11
# Command line: vivado.exe -gui_launcher_event rodinguilauncherevent26576 C:\Users\namso\Desktop\school\ecen 248\lab_11\lab_11.xpr
# Log file: C:/Users/namso/Desktop/school/ecen 248/lab_11/vivado.log
# Journal file: C:/Users/namso/Desktop/school/ecen 248/lab_11\vivado.jou
#-----------------------------------------------------------
start_gui
open_project {C:/Users/namso/Desktop/school/ecen 248/lab_11/lab_11.xpr}
Scanning sources...
Finished scanning sources
INFO: [IP_Flow 19-234] Refreshing IP repositories
INFO: [IP_Flow 19-1704] No user IP repositories specified
INFO: [IP_Flow 19-2313] Loaded Vivado IP repository 'C:/Xilinx/Vivado/2018.3/data/ip'.
open_project: Time (s): cpu = 00:00:14 ; elapsed = 00:00:07 . Memory (MB): peak = 731.848 ; gain = 124.973
update_compile_order -fileset sources_1
launch_simulation
INFO: [Vivado 12-5682] Launching behavioral simulation in 'C:/Users/namso/Desktop/school/ecen 248/lab_11/lab_11.sim/sim_1/behav/xsim'
INFO: [SIM-utils-51] Simulation object is 'sim_1'
INFO: [SIM-utils-54] Inspecting design source files for 'tlc_fsm_tb' in fileset 'sim_1'...
INFO: [USF-XSim-97] Finding global include files...
INFO: [USF-XSim-98] Fetching design files from 'sim_1'...
INFO: [USF-XSim-2] XSim::Compile design
INFO: [USF-XSim-61] Executing 'COMPILE and ANALYZE' step in 'C:/Users/namso/Desktop/school/ecen 248/lab_11/lab_11.sim/sim_1/behav/xsim'
"xvlog --incr --relax -prj tlc_fsm_tb_vlog.prj"
INFO: [VRFC 10-2263] Analyzing Verilog file "C:/Users/namso/Desktop/school/ecen 248/lab_11/lab_11.srcs/sources_1/new/tlc_fsm.v" into library xil_defaultlib
INFO: [VRFC 10-311] analyzing module tlc_fsm
INFO: [VRFC 10-2263] Analyzing Verilog file "C:/Users/namso/Desktop/school/ecen 248/verilog/248NeededFiles/tlc_fsm_tb.v" into library xil_defaultlib
INFO: [VRFC 10-311] analyzing module tlc_fsm_tb
INFO: [USF-XSim-69] 'compile' step finished in '3' seconds
INFO: [USF-XSim-3] XSim::Elaborate design
INFO: [USF-XSim-61] Executing 'ELABORATE' step in 'C:/Users/namso/Desktop/school/ecen 248/lab_11/lab_11.sim/sim_1/behav/xsim'
Vivado Simulator 2018.3
Copyright 1986-1999, 2001-2018 Xilinx, Inc. All Rights Reserved.
Running: C:/Xilinx/Vivado/2018.3/bin/unwrapped/win64.o/xelab.exe -wto 6f253c6ae77044e89ab66a57a80bedfd --incr --debug typical --relax --mt 2 -L xil_defaultlib -L unisims_ver -L unimacro_ver -L secureip --snapshot tlc_fsm_tb_behav xil_defaultlib.tlc_fsm_tb xil_defaultlib.glbl -log elaborate.log 
Using 2 slave threads.
Starting static elaboration
Completed static elaboration
Starting simulation data flow analysis
WARNING: [XSIM 43-4099] "C:/Users/namso/Desktop/school/ecen 248/lab_11/lab_11.srcs/sources_1/new/tlc_fsm.v" Line 8. Module tlc_fsm doesn't have a timescale but at least one module in design has a timescale.
Completed simulation data flow analysis
Time Resolution for simulation is 1ps
Compiling module xil_defaultlib.tlc_fsm
Compiling module xil_defaultlib.tlc_fsm_tb
Compiling module xil_defaultlib.glbl
Built simulation snapshot tlc_fsm_tb_behav

****** Webtalk v2018.3 (64-bit)
  **** SW Build 2405991 on Thu Dec  6 23:38:27 MST 2018
  **** IP Build 2404404 on Fri Dec  7 01:43:56 MST 2018
    ** Copyright 1986-2018 Xilinx, Inc. All Rights Reserved.

source C:/Users/namso/Desktop/school/ecen -notrace
couldn't read file "C:/Users/namso/Desktop/school/ecen": permission denied
INFO: [Common 17-206] Exiting Webtalk at Mon Nov 29 19:17:58 2021...
INFO: [USF-XSim-69] 'elaborate' step finished in '5' seconds
INFO: [USF-XSim-4] XSim::Simulate design
INFO: [USF-XSim-61] Executing 'SIMULATE' step in 'C:/Users/namso/Desktop/school/ecen 248/lab_11/lab_11.sim/sim_1/behav/xsim'
INFO: [USF-XSim-98] *** Running xsim
   with args "tlc_fsm_tb_behav -key {Behavioral:sim_1:Functional:tlc_fsm_tb} -tclbatch {tlc_fsm_tb.tcl} -log {simulate.log}"
INFO: [USF-XSim-8] Loading simulator feature
Vivado Simulator 2018.3
Time resolution is 1 ps
source tlc_fsm_tb.tcl
# set curr_wave [current_wave_config]
# if { [string length $curr_wave] == 0 } {
#   if { [llength [get_objects]] > 0} {
#     add_wave /
#     set_property needs_save false [current_wave_config]
#   } else {
#      send_msg_id Add_Wave-1 WARNING "No top level signals found. Simulator will start without a wave window. If you want to open a wave window go to 'File->New Waveform Configuration' or type 'create_wave_config' in the TCL console."
#   }
# }
# run 1000ns
INFO: [USF-XSim-96] XSim completed. Design snapshot 'tlc_fsm_tb_behav' loaded.
INFO: [USF-XSim-97] XSim simulation ran for 1000ns
launch_simulation: Time (s): cpu = 00:00:07 ; elapsed = 00:00:11 . Memory (MB): peak = 835.156 ; gain = 10.422
close_sim
INFO: [Simtcl 6-16] Simulation closed
exit
INFO: [Common 17-206] Exiting Vivado at Mon Nov 29 19:21:52 2021...
