#-----------------------------------------------------------
# Vivado v2018.3 (64-bit)
# SW Build 2405991 on Thu Dec  6 23:38:27 MST 2018
# IP Build 2404404 on Fri Dec  7 01:43:56 MST 2018
# Start of session at: Tue Nov 16 17:41:25 2021
# Process ID: 14824
# Current directory: C:/Users/namso/Desktop/school/ecen 248/lab_11
# Command line: vivado.exe -gui_launcher_event rodinguilauncherevent27848 C:\Users\namso\Desktop\school\ecen 248\lab_11\lab_11.xpr
# Log file: C:/Users/namso/Desktop/school/ecen 248/lab_11/vivado.log
# Journal file: C:/Users/namso/Desktop/school/ecen 248/lab_11\vivado.jou
#-----------------------------------------------------------
start_gui
open_project {C:/Users/namso/Desktop/school/ecen 248/lab_11/lab_11.xpr}
Scanning sources...
Finished scanning sources
INFO: [IP_Flow 19-234] Refreshing IP repositories
INFO: [IP_Flow 19-1704] No user IP repositories specified
INFO: [IP_Flow 19-2313] Loaded Vivado IP repository 'C:/Xilinx/Vivado/2018.3/data/ip'.
open_project: Time (s): cpu = 00:00:13 ; elapsed = 00:00:05 . Memory (MB): peak = 700.758 ; gain = 76.840
update_compile_order -fileset sources_1
launch_runs impl_1 -to_step write_bitstream -jobs 6
[Tue Nov 16 17:41:47 2021] Launched synth_1...
Run output will be captured here: C:/Users/namso/Desktop/school/ecen 248/lab_11/lab_11.runs/synth_1/runme.log
[Tue Nov 16 17:41:47 2021] Launched impl_1...
Run output will be captured here: C:/Users/namso/Desktop/school/ecen 248/lab_11/lab_11.runs/impl_1/runme.log
close [ open {C:/Users/namso/Desktop/school/ecen 248/lab_11/lab_11.srcs/sources_1/new/tlc_controller_ver1.v} w ]
add_files {{C:/Users/namso/Desktop/school/ecen 248/lab_11/lab_11.srcs/sources_1/new/tlc_controller_ver1.v}}
update_compile_order -fileset sources_1
update_compile_order -fileset sources_1
add_files -norecurse {{C:/Users/namso/Desktop/school/ecen 248/verilog/248NeededFiles/synchronizer.v}}
update_compile_order -fileset sources_1
add_files -fileset constrs_1 -norecurse {{C:/Users/namso/Desktop/school/ecen 248/verilog/248NeededFiles/tlc_controller.xdc}}
reset_run synth_1
launch_runs impl_1 -to_step write_bitstream -jobs 6
[Tue Nov 16 17:52:27 2021] Launched synth_1...
Run output will be captured here: C:/Users/namso/Desktop/school/ecen 248/lab_11/lab_11.runs/synth_1/runme.log
[Tue Nov 16 17:52:27 2021] Launched impl_1...
Run output will be captured here: C:/Users/namso/Desktop/school/ecen 248/lab_11/lab_11.runs/impl_1/runme.log
open_hw
INFO: [Labtools 27-2285] Connecting to hw_server url TCP:localhost:3121
INFO: [Labtools 27-2222] Launching hw_server...
INFO: [Labtools 27-2221] Launch Output:

****** Xilinx hw_server v2018.3
  **** Build date : Dec  7 2018-00:40:27
    ** Copyright 1986-2018 Xilinx, Inc. All Rights Reserved.


connect_hw_server -url localhost:3121
INFO: [Labtools 27-2285] Connecting to hw_server url TCP:localhost:3121
current_hw_target [get_hw_targets */xilinx_tcf/Digilent/210351A78137A]
set_property PARAM.FREQUENCY 15000000 [get_hw_targets */xilinx_tcf/Digilent/210351A78137A]
open_hw_target
INFO: [Labtoolstcl 44-466] Opening hw_target localhost:3121/xilinx_tcf/Digilent/210351A78137A
set_property PROGRAM.FILE {C:/Users/namso/Desktop/school/ecen 248/lab_11/lab_11.runs/impl_1/tlc_controller_ver1.bit} [get_hw_devices xc7z010_1]
current_hw_device [get_hw_devices xc7z010_1]
refresh_hw_device -update_hw_probes false [lindex [get_hw_devices xc7z010_1] 0]
INFO: [Labtools 27-1435] Device xc7z010 (JTAG device index = 1) is not programmed (DONE status = 0).
set_property PROBES.FILE {} [get_hw_devices xc7z010_1]
set_property FULL_PROBES.FILE {} [get_hw_devices xc7z010_1]
set_property PROGRAM.FILE {C:/Users/namso/Desktop/school/ecen 248/lab_11/lab_11.runs/impl_1/tlc_controller_ver1.bit} [get_hw_devices xc7z010_1]
program_hw_devices [get_hw_devices xc7z010_1]
INFO: [Labtools 27-3164] End of startup status: HIGH
refresh_hw_device [lindex [get_hw_devices xc7z010_1] 0]
INFO: [Labtools 27-1434] Device xc7z010 (JTAG device index = 1) is programmed with a design that has no supported debug core(s) in it.
reset_run synth_1
WARNING: [Vivado 12-1017] Problems encountered:
1. Failed to delete one or more files in run directory C:/Users/namso/Desktop/school/ecen 248/lab_11/lab_11.runs/synth_1

launch_runs impl_1 -to_step write_bitstream -jobs 6
[Tue Nov 16 18:06:21 2021] Launched synth_1...
Run output will be captured here: C:/Users/namso/Desktop/school/ecen 248/lab_11/lab_11.runs/synth_1/runme.log
[Tue Nov 16 18:06:21 2021] Launched impl_1...
Run output will be captured here: C:/Users/namso/Desktop/school/ecen 248/lab_11/lab_11.runs/impl_1/runme.log
reset_run synth_1
WARNING: [Vivado 12-1017] Problems encountered:
1. Failed to delete one or more files in run directory C:/Users/namso/Desktop/school/ecen 248/lab_11/lab_11.runs/synth_1

launch_runs impl_1 -to_step write_bitstream -jobs 6
[Tue Nov 16 18:09:37 2021] Launched synth_1...
Run output will be captured here: C:/Users/namso/Desktop/school/ecen 248/lab_11/lab_11.runs/synth_1/runme.log
[Tue Nov 16 18:09:37 2021] Launched impl_1...
Run output will be captured here: C:/Users/namso/Desktop/school/ecen 248/lab_11/lab_11.runs/impl_1/runme.log
set_property PROBES.FILE {} [get_hw_devices xc7z010_1]
set_property FULL_PROBES.FILE {} [get_hw_devices xc7z010_1]
set_property PROGRAM.FILE {C:/Users/namso/Desktop/school/ecen 248/lab_11/lab_11.runs/impl_1/tlc_controller_ver1.bit} [get_hw_devices xc7z010_1]
program_hw_devices [get_hw_devices xc7z010_1]
INFO: [Labtools 27-3164] End of startup status: HIGH
refresh_hw_device [lindex [get_hw_devices xc7z010_1] 0]
INFO: [Labtools 27-1434] Device xc7z010 (JTAG device index = 1) is programmed with a design that has no supported debug core(s) in it.
exit
INFO: [Common 17-206] Exiting Vivado at Tue Nov 16 18:11:42 2021...
