#-----------------------------------------------------------
# Vivado v2018.3 (64-bit)
# SW Build 2405991 on Thu Dec  6 23:38:27 MST 2018
# IP Build 2404404 on Fri Dec  7 01:43:56 MST 2018
# Start of session at: Mon Nov 29 19:28:46 2021
# Process ID: 23784
# Current directory: C:/Users/namso/Desktop/school/ecen 248/lab_11
# Command line: vivado.exe -gui_launcher_event rodinguilauncherevent15712 C:\Users\namso\Desktop\school\ecen 248\lab_11\lab_11.xpr
# Log file: C:/Users/namso/Desktop/school/ecen 248/lab_11/vivado.log
# Journal file: C:/Users/namso/Desktop/school/ecen 248/lab_11\vivado.jou
#-----------------------------------------------------------
start_gui
open_project {C:/Users/namso/Desktop/school/ecen 248/lab_11/lab_11.xpr}
Scanning sources...
Finished scanning sources
INFO: [IP_Flow 19-234] Refreshing IP repositories
INFO: [IP_Flow 19-1704] No user IP repositories specified
INFO: [IP_Flow 19-2313] Loaded Vivado IP repository 'C:/Xilinx/Vivado/2018.3/data/ip'.
update_compile_order -fileset sources_1
exit
INFO: [Common 17-206] Exiting Vivado at Mon Nov 29 19:32:04 2021...
