
*** Running vivado
    with args -log tlc_controller_ver1.vds -m64 -product Vivado -mode batch -messageDb vivado.pb -notrace -source tlc_controller_ver1.tcl


****** Vivado v2018.3 (64-bit)
  **** SW Build 2405991 on Thu Dec  6 23:38:27 MST 2018
  **** IP Build 2404404 on Fri Dec  7 01:43:56 MST 2018
    ** Copyright 1986-2018 Xilinx, Inc. All Rights Reserved.

source tlc_controller_ver1.tcl -notrace
Command: synth_design -top tlc_controller_ver1 -part xc7z010clg400-1
Starting synth_design
Attempting to get a license for feature 'Synthesis' and/or device 'xc7z010'
INFO: [Common 17-349] Got license for feature 'Synthesis' and/or device 'xc7z010'
INFO: Launching helper process for spawning children vivado processes
INFO: Helper process launched with PID 29420 
---------------------------------------------------------------------------------
Starting RTL Elaboration : Time (s): cpu = 00:00:02 ; elapsed = 00:00:02 . Memory (MB): peak = 362.336 ; gain = 101.195
---------------------------------------------------------------------------------
INFO: [Synth 8-6157] synthesizing module 'tlc_controller_ver1' [C:/Users/namso/Desktop/school/ecen 248/lab_11/lab_11.srcs/sources_1/new/tlc_controller_ver1.v:3]
INFO: [Synth 8-6157] synthesizing module 'synchronizer' [C:/Users/namso/Desktop/school/ecen 248/verilog/248NeededFiles/synchronizer.v:9]
INFO: [Synth 8-6155] done synthesizing module 'synchronizer' (1#1) [C:/Users/namso/Desktop/school/ecen 248/verilog/248NeededFiles/synchronizer.v:9]
INFO: [Synth 8-6157] synthesizing module 'tlc_fsm' [C:/Users/namso/Desktop/school/ecen 248/lab_11/lab_11.srcs/sources_1/new/tlc_fsm.v:8]
	Parameter S0 bound to: 3'b000 
	Parameter S1 bound to: 3'b001 
	Parameter S2 bound to: 3'b010 
	Parameter S3 bound to: 3'b011 
	Parameter S4 bound to: 3'b100 
	Parameter S5 bound to: 3'b101 
	Parameter red bound to: 2'b01 
	Parameter yellow bound to: 2'b10 
	Parameter green bound to: 2'b11 
INFO: [Synth 8-155] case statement is not full and has no default [C:/Users/namso/Desktop/school/ecen 248/lab_11/lab_11.srcs/sources_1/new/tlc_fsm.v:31]
WARNING: [Synth 8-567] referenced signal 'state' should be on the sensitivity list [C:/Users/namso/Desktop/school/ecen 248/lab_11/lab_11.srcs/sources_1/new/tlc_fsm.v:30]
WARNING: [Synth 8-567] referenced signal 'farmSensor' should be on the sensitivity list [C:/Users/namso/Desktop/school/ecen 248/lab_11/lab_11.srcs/sources_1/new/tlc_fsm.v:30]
INFO: [Synth 8-6155] done synthesizing module 'tlc_fsm' (2#1) [C:/Users/namso/Desktop/school/ecen 248/lab_11/lab_11.srcs/sources_1/new/tlc_fsm.v:8]
INFO: [Synth 8-6155] done synthesizing module 'tlc_controller_ver1' (3#1) [C:/Users/namso/Desktop/school/ecen 248/lab_11/lab_11.srcs/sources_1/new/tlc_controller_ver1.v:3]
---------------------------------------------------------------------------------
Finished RTL Elaboration : Time (s): cpu = 00:00:03 ; elapsed = 00:00:03 . Memory (MB): peak = 418.648 ; gain = 157.508
---------------------------------------------------------------------------------

Report Check Netlist: 
+------+------------------+-------+---------+-------+------------------+
|      |Item              |Errors |Warnings |Status |Description       |
+------+------------------+-------+---------+-------+------------------+
|1     |multi_driven_nets |      0|        0|Passed |Multi driven nets |
+------+------------------+-------+---------+-------+------------------+
---------------------------------------------------------------------------------
Start Handling Custom Attributes
---------------------------------------------------------------------------------
---------------------------------------------------------------------------------
Finished Handling Custom Attributes : Time (s): cpu = 00:00:03 ; elapsed = 00:00:03 . Memory (MB): peak = 418.648 ; gain = 157.508
---------------------------------------------------------------------------------
---------------------------------------------------------------------------------
Finished RTL Optimization Phase 1 : Time (s): cpu = 00:00:03 ; elapsed = 00:00:03 . Memory (MB): peak = 418.648 ; gain = 157.508
---------------------------------------------------------------------------------
INFO: [Device 21-403] Loading part xc7z010clg400-1
INFO: [Project 1-570] Preparing netlist for logic optimization

Processing XDC Constraints
Initializing timing engine
Parsing XDC File [C:/Users/namso/Desktop/school/ecen 248/verilog/248NeededFiles/tlc_controller.xdc]
Finished Parsing XDC File [C:/Users/namso/Desktop/school/ecen 248/verilog/248NeededFiles/tlc_controller.xdc]
INFO: [Project 1-236] Implementation specific constraints were found while reading constraint file [C:/Users/namso/Desktop/school/ecen 248/verilog/248NeededFiles/tlc_controller.xdc]. These constraints will be ignored for synthesis but will be used in implementation. Impacted constraints are listed in the file [.Xil/tlc_controller_ver1_propImpl.xdc].
Resolution: To avoid this warning, move constraints listed in [.Xil/tlc_controller_ver1_propImpl.xdc] to another XDC file and exclude this new file from synthesis with the used_in_synthesis property (File Properties dialog in GUI) and re-run elaboration/synthesis.
Netlist sorting complete. Time (s): cpu = 00:00:00 ; elapsed = 00:00:00 . Memory (MB): peak = 736.539 ; gain = 0.000
Completed Processing XDC Constraints

Netlist sorting complete. Time (s): cpu = 00:00:00 ; elapsed = 00:00:00 . Memory (MB): peak = 736.574 ; gain = 0.000
INFO: [Project 1-111] Unisim Transformation Summary:
No Unisim elements were transformed.

Netlist sorting complete. Time (s): cpu = 00:00:00 ; elapsed = 00:00:00 . Memory (MB): peak = 736.574 ; gain = 0.000
Constraint Validation Runtime : Time (s): cpu = 00:00:00 ; elapsed = 00:00:00.001 . Memory (MB): peak = 736.574 ; gain = 0.000
---------------------------------------------------------------------------------
Finished Constraint Validation : Time (s): cpu = 00:00:10 ; elapsed = 00:00:11 . Memory (MB): peak = 736.574 ; gain = 475.434
---------------------------------------------------------------------------------
---------------------------------------------------------------------------------
Start Loading Part and Timing Information
---------------------------------------------------------------------------------
Loading part: xc7z010clg400-1
---------------------------------------------------------------------------------
Finished Loading Part and Timing Information : Time (s): cpu = 00:00:10 ; elapsed = 00:00:11 . Memory (MB): peak = 736.574 ; gain = 475.434
---------------------------------------------------------------------------------
---------------------------------------------------------------------------------
Start Applying 'set_property' XDC Constraints
---------------------------------------------------------------------------------
---------------------------------------------------------------------------------
Finished applying 'set_property' XDC Constraints : Time (s): cpu = 00:00:10 ; elapsed = 00:00:11 . Memory (MB): peak = 736.574 ; gain = 475.434
---------------------------------------------------------------------------------
INFO: [Synth 8-802] inferred FSM for state register 'state_reg' in module 'tlc_fsm'
INFO: [Synth 8-5545] ROM "RstCount" won't be mapped to RAM because address size (31) is larger than maximum supported(25)
INFO: [Synth 8-5545] ROM "RstCount" won't be mapped to RAM because address size (31) is larger than maximum supported(25)
INFO: [Synth 8-5545] ROM "RstCount" won't be mapped to RAM because address size (31) is larger than maximum supported(25)
INFO: [Synth 8-5544] ROM "highwaySignal" won't be mapped to Block RAM because address size (3) smaller than threshold (5)
INFO: [Synth 8-5544] ROM "highwaySignal" won't be mapped to Block RAM because address size (3) smaller than threshold (5)
INFO: [Synth 8-5544] ROM "highwaySignal" won't be mapped to Block RAM because address size (3) smaller than threshold (5)
INFO: [Synth 8-5544] ROM "highwaySignal" won't be mapped to Block RAM because address size (3) smaller than threshold (5)
INFO: [Synth 8-5545] ROM "RstCount" won't be mapped to RAM because address size (31) is larger than maximum supported(25)
INFO: [Synth 8-5544] ROM "nextState" won't be mapped to Block RAM because address size (1) smaller than threshold (5)
INFO: [Synth 8-5545] ROM "nextState" won't be mapped to RAM because address size (31) is larger than maximum supported(25)
INFO: [Synth 8-5545] ROM "nextState" won't be mapped to RAM because address size (31) is larger than maximum supported(25)
INFO: [Synth 8-5544] ROM "nextState" won't be mapped to Block RAM because address size (1) smaller than threshold (5)
INFO: [Synth 8-5545] ROM "nextState" won't be mapped to RAM because address size (31) is larger than maximum supported(25)
WARNING: [Synth 8-327] inferring latch for variable 'FSM_sequential_nextState_reg' [C:/Users/namso/Desktop/school/ecen 248/lab_11/lab_11.srcs/sources_1/new/tlc_fsm.v:38]
WARNING: [Synth 8-327] inferring latch for variable 'FSM_onehot_nextState_reg' [C:/Users/namso/Desktop/school/ecen 248/lab_11/lab_11.srcs/sources_1/new/tlc_fsm.v:38]
---------------------------------------------------------------------------------------------------
                   State |                     New Encoding |                Previous Encoding 
---------------------------------------------------------------------------------------------------
                      S0 |                              000 |                              000
                      S1 |                              001 |                              001
                      S2 |                              010 |                              010
                      S3 |                              011 |                              011
                      S4 |                              100 |                              100
                      S5 |                              101 |                              101
---------------------------------------------------------------------------------------------------
INFO: [Synth 8-3354] encoded FSM with state register 'state_reg' using encoding 'sequential' in module 'tlc_fsm'
WARNING: [Synth 8-327] inferring latch for variable 'FSM_sequential_nextState_reg' [C:/Users/namso/Desktop/school/ecen 248/lab_11/lab_11.srcs/sources_1/new/tlc_fsm.v:38]
WARNING: [Synth 8-327] inferring latch for variable 'RstCount_reg' [C:/Users/namso/Desktop/school/ecen 248/lab_11/lab_11.srcs/sources_1/new/tlc_fsm.v:37]
WARNING: [Synth 8-327] inferring latch for variable 'highwaySignal_reg' [C:/Users/namso/Desktop/school/ecen 248/lab_11/lab_11.srcs/sources_1/new/tlc_fsm.v:35]
WARNING: [Synth 8-327] inferring latch for variable 'farmSignal_reg' [C:/Users/namso/Desktop/school/ecen 248/lab_11/lab_11.srcs/sources_1/new/tlc_fsm.v:36]
---------------------------------------------------------------------------------
Finished RTL Optimization Phase 2 : Time (s): cpu = 00:00:10 ; elapsed = 00:00:11 . Memory (MB): peak = 736.574 ; gain = 475.434
---------------------------------------------------------------------------------

Report RTL Partitions: 
+-+--------------+------------+----------+
| |RTL Partition |Replication |Instances |
+-+--------------+------------+----------+
+-+--------------+------------+----------+
---------------------------------------------------------------------------------
Start RTL Component Statistics 
---------------------------------------------------------------------------------
Detailed RTL Component Info : 
+---Registers : 
	                1 Bit    Registers := 3     
+---Muxes : 
	   6 Input      3 Bit        Muxes := 2     
	   2 Input      3 Bit        Muxes := 6     
	   6 Input      2 Bit        Muxes := 2     
	   2 Input      1 Bit        Muxes := 2     
	   6 Input      1 Bit        Muxes := 6     
---------------------------------------------------------------------------------
Finished RTL Component Statistics 
---------------------------------------------------------------------------------
---------------------------------------------------------------------------------
Start RTL Hierarchical Component Statistics 
---------------------------------------------------------------------------------
Hierarchical RTL Component report 
Module synchronizer 
Detailed RTL Component Info : 
+---Registers : 
	                1 Bit    Registers := 3     
Module tlc_fsm 
Detailed RTL Component Info : 
+---Muxes : 
	   6 Input      3 Bit        Muxes := 2     
	   2 Input      3 Bit        Muxes := 6     
	   6 Input      2 Bit        Muxes := 2     
	   2 Input      1 Bit        Muxes := 2     
	   6 Input      1 Bit        Muxes := 6     
---------------------------------------------------------------------------------
Finished RTL Hierarchical Component Statistics
---------------------------------------------------------------------------------
---------------------------------------------------------------------------------
Start Part Resource Summary
---------------------------------------------------------------------------------
Part Resources:
DSPs: 80 (col length:40)
BRAMs: 120 (col length: RAMB18 40 RAMB36 20)
---------------------------------------------------------------------------------
Finished Part Resource Summary
---------------------------------------------------------------------------------
---------------------------------------------------------------------------------
Start Cross Boundary and Area Optimization
---------------------------------------------------------------------------------
Warning: Parallel synthesis criteria is not met 
INFO: [Synth 8-5545] ROM "FSM/RstCount" won't be mapped to RAM because address size (31) is larger than maximum supported(25)
INFO: [Synth 8-5545] ROM "FSM/RstCount" won't be mapped to RAM because address size (31) is larger than maximum supported(25)
---------------------------------------------------------------------------------
Finished Cross Boundary and Area Optimization : Time (s): cpu = 00:00:11 ; elapsed = 00:00:12 . Memory (MB): peak = 736.574 ; gain = 475.434
---------------------------------------------------------------------------------

Report RTL Partitions: 
+-+--------------+------------+----------+
| |RTL Partition |Replication |Instances |
+-+--------------+------------+----------+
+-+--------------+------------+----------+
---------------------------------------------------------------------------------
Start Applying XDC Timing Constraints
---------------------------------------------------------------------------------
---------------------------------------------------------------------------------
Finished Applying XDC Timing Constraints : Time (s): cpu = 00:00:18 ; elapsed = 00:00:19 . Memory (MB): peak = 748.492 ; gain = 487.352
---------------------------------------------------------------------------------
---------------------------------------------------------------------------------
Start Timing Optimization
---------------------------------------------------------------------------------
---------------------------------------------------------------------------------
Finished Timing Optimization : Time (s): cpu = 00:00:19 ; elapsed = 00:00:20 . Memory (MB): peak = 769.285 ; gain = 508.145
---------------------------------------------------------------------------------

Report RTL Partitions: 
+-+--------------+------------+----------+
| |RTL Partition |Replication |Instances |
+-+--------------+------------+----------+
+-+--------------+------------+----------+
---------------------------------------------------------------------------------
Start Technology Mapping
---------------------------------------------------------------------------------
---------------------------------------------------------------------------------
Finished Technology Mapping : Time (s): cpu = 00:00:19 ; elapsed = 00:00:20 . Memory (MB): peak = 769.285 ; gain = 508.145
---------------------------------------------------------------------------------

Report RTL Partitions: 
+-+--------------+------------+----------+
| |RTL Partition |Replication |Instances |
+-+--------------+------------+----------+
+-+--------------+------------+----------+
---------------------------------------------------------------------------------
Start IO Insertion
---------------------------------------------------------------------------------
---------------------------------------------------------------------------------
Start Flattening Before IO Insertion
---------------------------------------------------------------------------------
---------------------------------------------------------------------------------
Finished Flattening Before IO Insertion
---------------------------------------------------------------------------------
---------------------------------------------------------------------------------
Start Final Netlist Cleanup
---------------------------------------------------------------------------------
---------------------------------------------------------------------------------
Finished Final Netlist Cleanup
---------------------------------------------------------------------------------
---------------------------------------------------------------------------------
Finished IO Insertion : Time (s): cpu = 00:00:20 ; elapsed = 00:00:21 . Memory (MB): peak = 769.285 ; gain = 508.145
---------------------------------------------------------------------------------

Report Check Netlist: 
+------+------------------+-------+---------+-------+------------------+
|      |Item              |Errors |Warnings |Status |Description       |
+------+------------------+-------+---------+-------+------------------+
|1     |multi_driven_nets |      0|        0|Passed |Multi driven nets |
+------+------------------+-------+---------+-------+------------------+
---------------------------------------------------------------------------------
Start Renaming Generated Instances
---------------------------------------------------------------------------------
---------------------------------------------------------------------------------
Finished Renaming Generated Instances : Time (s): cpu = 00:00:20 ; elapsed = 00:00:21 . Memory (MB): peak = 769.285 ; gain = 508.145
---------------------------------------------------------------------------------

Report RTL Partitions: 
+-+--------------+------------+----------+
| |RTL Partition |Replication |Instances |
+-+--------------+------------+----------+
+-+--------------+------------+----------+
---------------------------------------------------------------------------------
Start Rebuilding User Hierarchy
---------------------------------------------------------------------------------
---------------------------------------------------------------------------------
Finished Rebuilding User Hierarchy : Time (s): cpu = 00:00:20 ; elapsed = 00:00:21 . Memory (MB): peak = 769.285 ; gain = 508.145
---------------------------------------------------------------------------------
---------------------------------------------------------------------------------
Start Renaming Generated Ports
---------------------------------------------------------------------------------
---------------------------------------------------------------------------------
Finished Renaming Generated Ports : Time (s): cpu = 00:00:20 ; elapsed = 00:00:21 . Memory (MB): peak = 769.285 ; gain = 508.145
---------------------------------------------------------------------------------
---------------------------------------------------------------------------------
Start Handling Custom Attributes
---------------------------------------------------------------------------------
---------------------------------------------------------------------------------
Finished Handling Custom Attributes : Time (s): cpu = 00:00:20 ; elapsed = 00:00:21 . Memory (MB): peak = 769.285 ; gain = 508.145
---------------------------------------------------------------------------------
---------------------------------------------------------------------------------
Start Renaming Generated Nets
---------------------------------------------------------------------------------
---------------------------------------------------------------------------------
Finished Renaming Generated Nets : Time (s): cpu = 00:00:20 ; elapsed = 00:00:21 . Memory (MB): peak = 769.285 ; gain = 508.145
---------------------------------------------------------------------------------
---------------------------------------------------------------------------------
Start ROM, RAM, DSP and Shift Register Reporting
---------------------------------------------------------------------------------

Static Shift Register Report:
+--------------------+-------------------+--------+-------+--------------+--------------------+-------------------+--------+---------+
|Module Name         | RTL Name          | Length | Width | Reset Signal | Pull out first Reg | Pull out last Reg | SRL16E | SRLC32E | 
+--------------------+-------------------+--------+-------+--------------+--------------------+-------------------+--------+---------+
|tlc_controller_ver1 | syncRst/buff2_reg | 3      | 1     | NO           | NO                 | YES               | 1      | 0       | 
+--------------------+-------------------+--------+-------+--------------+--------------------+-------------------+--------+---------+

---------------------------------------------------------------------------------
Finished ROM, RAM, DSP and Shift Register Reporting
---------------------------------------------------------------------------------
---------------------------------------------------------------------------------
Start Writing Synthesis Report
---------------------------------------------------------------------------------

Report BlackBoxes: 
+-+--------------+----------+
| |BlackBox name |Instances |
+-+--------------+----------+
+-+--------------+----------+

Report Cell Usage: 
+------+-------+------+
|      |Cell   |Count |
+------+-------+------+
|1     |BUFG   |     1|
|2     |CARRY4 |     8|
|3     |LUT1   |     1|
|4     |LUT2   |    12|
|5     |LUT3   |     9|
|6     |LUT4   |     8|
|7     |LUT5   |     5|
|8     |LUT6   |    23|
|9     |SRL16E |     1|
|10    |FDRE   |    35|
|11    |LD     |     8|
|12    |IBUF   |     3|
|13    |OBUF   |     8|
+------+-------+------+

Report Instance Areas: 
+------+----------+-------------+------+
|      |Instance  |Module       |Cells |
+------+----------+-------------+------+
|1     |top       |             |   122|
|2     |  FSM     |tlc_fsm      |    68|
|3     |  syncRst |synchronizer |     2|
+------+----------+-------------+------+
---------------------------------------------------------------------------------
Finished Writing Synthesis Report : Time (s): cpu = 00:00:20 ; elapsed = 00:00:21 . Memory (MB): peak = 769.285 ; gain = 508.145
---------------------------------------------------------------------------------
Synthesis finished with 0 errors, 0 critical warnings and 6 warnings.
Synthesis Optimization Runtime : Time (s): cpu = 00:00:12 ; elapsed = 00:00:15 . Memory (MB): peak = 769.285 ; gain = 190.219
Synthesis Optimization Complete : Time (s): cpu = 00:00:20 ; elapsed = 00:00:21 . Memory (MB): peak = 769.285 ; gain = 508.145
INFO: [Project 1-571] Translating synthesized netlist
INFO: [Netlist 29-17] Analyzing 16 Unisim elements for replacement
INFO: [Netlist 29-28] Unisim Transformation completed in 0 CPU seconds
INFO: [Project 1-570] Preparing netlist for logic optimization
INFO: [Opt 31-138] Pushed 0 inverter(s) to 0 load pin(s).
Netlist sorting complete. Time (s): cpu = 00:00:00 ; elapsed = 00:00:00 . Memory (MB): peak = 769.285 ; gain = 0.000
INFO: [Project 1-111] Unisim Transformation Summary:
  A total of 8 instances were transformed.
  LD => LDCE: 8 instances

INFO: [Common 17-83] Releasing license: Synthesis
36 Infos, 8 Warnings, 0 Critical Warnings and 0 Errors encountered.
synth_design completed successfully
synth_design: Time (s): cpu = 00:00:22 ; elapsed = 00:00:23 . Memory (MB): peak = 769.285 ; gain = 521.051
Netlist sorting complete. Time (s): cpu = 00:00:00 ; elapsed = 00:00:00 . Memory (MB): peak = 769.285 ; gain = 0.000
WARNING: [Constraints 18-5210] No constraints selected for write.
Resolution: This message can indicate that there are no constraints for the design, or it can indicate that the used_in flags are set such that the constraints are ignored. This later case is used when running synth_design to not write synthesis constraints to the resulting checkpoint. Instead, project constraints are read when the synthesized design is opened.
INFO: [Common 17-1381] The checkpoint 'C:/Users/namso/Desktop/school/ecen 248/lab_11/lab_11.runs/synth_1/tlc_controller_ver1.dcp' has been generated.
INFO: [runtcl-4] Executing : report_utilization -file tlc_controller_ver1_utilization_synth.rpt -pb tlc_controller_ver1_utilization_synth.pb
INFO: [Common 17-206] Exiting Vivado at Tue Nov 16 18:10:03 2021...
